<?xml version="1.0" encoding="UTF-8"?>
<testng-results ignored="0" total="1" passed="1" failed="0" skipped="0">
  <reporter-output>
  </reporter-output>
  <suite started-at="2024-03-06T10:48:35 IST" name="Default suite" finished-at="2024-03-06T10:48:48 IST" duration-ms="12543">
    <groups>
    </groups>
    <test started-at="2024-03-06T10:48:35 IST" name="Default test" finished-at="2024-03-06T10:48:48 IST" duration-ms="12543">
      <class name="testpackage.FBCreatePageTest">
        <test-method is-config="true" signature="setup()[pri:0, instance:testpackage.FBCreatePageTest@130c12b7]" started-at="2024-03-06T10:48:35 IST" name="setup" finished-at="2024-03-06T10:48:44 IST" duration-ms="8762" status="PASS">
          <reporter-output>
          </reporter-output>
        </test-method> <!-- setup -->
        <test-method signature="test()[pri:0, instance:testpackage.FBCreatePageTest@130c12b7]" started-at="2024-03-06T10:48:44 IST" name="test" finished-at="2024-03-06T10:48:48 IST" duration-ms="3718" status="PASS">
          <reporter-output>
          </reporter-output>
        </test-method> <!-- test -->
      </class> <!-- testpackage.FBCreatePageTest -->
    </test> <!-- Default test -->
  </suite> <!-- Default suite -->
</testng-results>
